Build started 06/03/14 1:45:20 PM.
     1>Project "D:\Learning\C++ Craft\cpp_craft_0314\solutions\pavel_martynau\1\_build_Debug\sources\1_1\1_1.vcxproj" on node 2 (build target(s)).
     1>InitializeBuildStatus:
         Creating "1_1.dir\Debug\1_1.unsuccessfulbuild" because "AlwaysCreate" was specified.
       CustomBuild:
         All outputs are up-to-date.
       ClCompile:
         C:\Program Files (x86)\Microsoft Visual Studio 10.0\VC\bin\CL.exe /c /Zi /nologo /W3 /WX- /Od /Ob0 /Oy- /D WIN32 /D _WINDOWS /D _DEBUG /D _CRT_SECURE_NO_WARNINGS /D _WIN32_WINNT=0x0501 /D BOOST_FILESYSTEM_VERSION=2 /D _SCL_SECURE_NO_WARNINGS /D "SOURCE_DIR=\"D:/Learning/C++ Craft/cpp_craft_0314/solutions/pavel_martynau/1\"" /D "BINARY_DIR=\"D:/Learning/C++ Craft/cpp_craft_0314/solutions/pavel_martynau/1/_build_Debug/bin_32/Debug\"" /D "CMAKE_INTDIR=\"Debug\"" /D _MBCS /Gm- /EHa /RTC1 /MDd /GS /fp:precise /Zc:wchar_t /Zc:forScope /GR /Fo"1_1.dir\Debug\\" /Fd"1_1.dir\Debug\vc100.pdb" /Gd /TP /analyze- /errorReport:prompt ..\..\..\sources\1_1\main.cpp
         main.cpp
       ManifestResourceCompile:
         All outputs are up-to-date.
       Link:
         C:\Program Files (x86)\Microsoft Visual Studio 10.0\VC\bin\link.exe /ERRORREPORT:PROMPT /OUT:"D:\Learning\C++ Craft\cpp_craft_0314\solutions\pavel_martynau\1\_build_Debug\bin_32\Debug\1_1.exe" /INCREMENTAL /NOLOGO kernel32.lib user32.lib gdi32.lib winspool.lib shell32.lib ole32.lib oleaut32.lib uuid.lib comdlg32.lib advapi32.lib /MANIFEST /ManifestFile:"1_1.dir\Debug\1_1.exe.intermediate.manifest" /MANIFESTUAC:"level='asInvoker' uiAccess='false'" /DEBUG /PDB:"D:/Learning/C++ Craft/cpp_craft_0314/solutions/pavel_martynau/1/_build_Debug/bin_32/Debug/1_1.pdb" /SUBSYSTEM:CONSOLE /TLBID:1 /DYNAMICBASE /NXCOMPAT /IMPLIB:"D:/Learning/C++ Craft/cpp_craft_0314/solutions/pavel_martynau/1/_build_Debug/bin_32/Debug/1_1.lib" /MACHINE:X86 1_1.dir\Debug\1_1.exe.embed.manifest.res
         1_1.dir\Debug\main.obj  /machine:X86 /debug 
       Manifest:
         C:\Program Files (x86)\Microsoft SDKs\Windows\v7.0A\bin\mt.exe /nologo /verbose /out:"1_1.dir\Debug\1_1.exe.embed.manifest" /manifest 1_1.dir\Debug\1_1.exe.intermediate.manifest
         All outputs are up-to-date.
       LinkEmbedManifest:
         All outputs are up-to-date.
         1_1.vcxproj -> D:\Learning\C++ Craft\cpp_craft_0314\solutions\pavel_martynau\1\_build_Debug\bin_32\Debug\1_1.exe
       FinalizeBuildStatus:
         Deleting file "1_1.dir\Debug\1_1.unsuccessfulbuild".
         Touching "1_1.dir\Debug\1_1.lastbuildstate".
     1>Done Building Project "D:\Learning\C++ Craft\cpp_craft_0314\solutions\pavel_martynau\1\_build_Debug\sources\1_1\1_1.vcxproj" (build target(s)).

Build succeeded.

Time Elapsed 00:00:01.19
